<?xml version="1.0" encoding="UTF-8"?>
<testsuite xmlns:xsi="http://www.w3.org/2001/XMLSchema-instance" xsi:noNamespaceSchemaLocation="https://maven.apache.org/surefire/maven-surefire-plugin/xsd/surefire-test-report.xsd" version="3.0.2" name="br.com.nexum.RpaJavaLab.RpaJavaLabTests" time="13.652" tests="1" errors="0" skipped="0" failures="0">
  <properties>
[...]
</properties>
  <testcase name="contextLoads" classname="br.com.nexum.RpaJavaLab.RpaJavaLabTests" time="1.869">
    <system-out><![CDATA[14:01:50.772 [main] INFO org.springframework.test.context.support.AnnotationConfigContextLoaderUtils -- Could not detect default configuration classes for test class [br.com.nexum.RpaJavaLab.RpaJavaLabTests]: RpaJavaLabTests does not declare any static, non-private, non-final, nested classes annotated with @Configuration.
14:01:51.065 [main] INFO org.springframework.boot.test.context.SpringBootTestContextBootstrapper -- Found @SpringBootConfiguration br.com.nexum.rpajavalab.RpaJavaLab for test class br.com.nexum.RpaJavaLab.RpaJavaLabTests

  .   ____          _            __ _ _
 /\\ / ___'_ __ _ _(_)_ __  __ _ \ \ \ \
( ( )\___ | '_ | '_| | '_ \/ _` | \ \ \ \
 \\/  ___)| |_)| | | | | || (_| |  ) ) ) )
  '  |____| .__|_| |_|_| |_\__, | / / / /
 =========|_|==============|___/=/_/_/_/

 :: Spring Boot ::                (v3.5.3)

2025-08-06T14:01:52.089-03:00  INFO 4560 --- [rpajavalab] [           main] b.com.nexum.RpaJavaLab.RpaJavaLabTests   : Starting RpaJavaLabTests using Java 21.0.8 with PID 4560 (started by GuilhermeGumiero in C:\Projects\RpaJavaLab\RpaJavaLab)
2025-08-06T14:01:52.094-03:00  INFO 4560 --- [rpajavalab] [           main] b.com.nexum.RpaJavaLab.RpaJavaLabTests   : No active profile set, falling back to 1 default profile: "default"
2025-08-06T14:01:53.156-03:00  INFO 4560 --- [rpajavalab] [           main] .s.d.r.c.RepositoryConfigurationDelegate : Bootstrapping Spring Data JPA repositories in DEFAULT mode.
2025-08-06T14:01:53.228-03:00  INFO 4560 --- [rpajavalab] [           main] .s.d.r.c.RepositoryConfigurationDelegate : Finished Spring Data repository scanning in 44 ms. Found 0 JPA repository interfaces.
2025-08-06T14:01:54.279-03:00  INFO 4560 --- [rpajavalab] [           main] o.hibernate.jpa.internal.util.LogHelper  : HHH000204: Processing PersistenceUnitInfo [name: default]
2025-08-06T14:01:54.430-03:00  INFO 4560 --- [rpajavalab] [           main] org.hibernate.Version                    : HHH000412: Hibernate ORM core version 6.6.18.Final
2025-08-06T14:01:54.508-03:00  INFO 4560 --- [rpajavalab] [           main] o.h.c.internal.RegionFactoryInitiator    : HHH000026: Second-level cache disabled
2025-08-06T14:01:55.290-03:00  INFO 4560 --- [rpajavalab] [           main] o.s.o.j.p.SpringPersistenceUnitInfo      : No LoadTimeWeaver setup: ignoring JPA class transformer
2025-08-06T14:01:55.367-03:00  INFO 4560 --- [rpajavalab] [           main] com.zaxxer.hikari.HikariDataSource       : HikariPool-1 - Starting...
2025-08-06T14:01:55.538-03:00  INFO 4560 --- [rpajavalab] [           main] i.opentelemetry.api.GlobalOpenTelemetry  : AutoConfiguredOpenTelemetrySdk found on classpath but automatic configuration is disabled. To enable, run your JVM with -Dotel.java.global-autoconfigure.enabled=true
2025-08-06T14:01:56.315-03:00  INFO 4560 --- [rpajavalab] [           main] com.zaxxer.hikari.pool.HikariPool        : HikariPool-1 - Added connection com.mysql.cj.jdbc.ConnectionImpl@acb5508
2025-08-06T14:01:56.318-03:00  INFO 4560 --- [rpajavalab] [           main] com.zaxxer.hikari.HikariDataSource       : HikariPool-1 - Start completed.
2025-08-06T14:01:56.525-03:00  INFO 4560 --- [rpajavalab] [           main] org.hibernate.orm.connections.pooling    : HHH10001005: Database info:
	Database JDBC URL [Connecting through datasource 'HikariDataSource (HikariPool-1)']
	Database driver: undefined/unknown
	Database version: 8.0.42
	Autocommit mode: undefined/unknown
	Isolation level: undefined/unknown
	Minimum pool size: undefined/unknown
	Maximum pool size: undefined/unknown
2025-08-06T14:01:57.721-03:00  INFO 4560 --- [rpajavalab] [           main] o.h.e.t.j.p.i.JtaPlatformInitiator       : HHH000489: No JTA platform available (set 'hibernate.transaction.jta.platform' to enable JTA platform integration)
2025-08-06T14:01:57.727-03:00  INFO 4560 --- [rpajavalab] [           main] j.LocalContainerEntityManagerFactoryBean : Initialized JPA EntityManagerFactory for persistence unit 'default'
2025-08-06T14:01:57.860-03:00  INFO 4560 --- [rpajavalab] [           main] b.c.n.r.application.scheduler.Scheduler  : === Inicializando Chrome na inicialização da aplicação ===
2025-08-06T14:01:57.860-03:00  INFO 4560 --- [rpajavalab] [           main] b.c.n.r.a.service.BrowserService         : Configurando ChromeDriver...
2025-08-06T14:01:58.443-03:00  INFO 4560 --- [rpajavalab] [           main] i.g.bonigarcia.wdm.WebDriverManager      : Using chromedriver 138.0.7204.183 (resolved driver for Chrome 138)
2025-08-06T14:01:58.491-03:00  INFO 4560 --- [rpajavalab] [           main] i.g.bonigarcia.wdm.WebDriverManager      : Exporting webdriver.chrome.driver as C:\Users\GuilhermeGumiero\.cache\selenium\chromedriver\win64\138.0.7204.183\chromedriver.exe
2025-08-06T14:02:01.397-03:00  WARN 4560 --- [rpajavalab] [           main] o.o.selenium.devtools.CdpVersionFinder   : Unable to find CDP implementation matching 138
2025-08-06T14:02:01.399-03:00  WARN 4560 --- [rpajavalab] [           main] o.o.selenium.chromium.ChromiumDriver     : Unable to find version of CDP to use for 138.0.7204.184. You may need to include a dependency on a specific version of the CDP using something similar to `org.seleniumhq.selenium:selenium-devtools-v86:4.31.0` where the version ("v86") matches the version of the chromium-based browser you're using and the version number of the artifact is the same as Selenium's.
2025-08-06T14:02:01.427-03:00  INFO 4560 --- [rpajavalab] [           main] b.c.n.r.a.service.BrowserService         : Chrome aberto com sucesso.
2025-08-06T14:02:01.428-03:00  INFO 4560 --- [rpajavalab] [           main] b.c.n.r.application.scheduler.Scheduler  : Chrome aberto com sucesso - Aguardando execução das tarefas agendadas
2025-08-06T14:02:02.156-03:00  INFO 4560 --- [rpajavalab] [           main] b.com.nexum.RpaJavaLab.RpaJavaLabTests   : Started RpaJavaLabTests in 10.704 seconds (process running for 13.407)
]]></system-out>
    <system-err><![CDATA[Mockito is currently self-attaching to enable the inline-mock-maker. This will no longer work in future releases of the JDK. Please add Mockito as an agent to your build as described in Mockito's documentation: https://javadoc.io/doc/org.mockito/mockito-core/latest/org.mockito/org/mockito/Mockito.html#0.3
WARNING: A Java agent has been loaded dynamically (C:\Users\GuilhermeGumiero\.m2\repository\net\bytebuddy\byte-buddy-agent\1.17.6\byte-buddy-agent-1.17.6.jar)
WARNING: If a serviceability tool is in use, please run with -XX:+EnableDynamicAgentLoading to hide this warning
WARNING: If a serviceability tool is not in use, please run with -Djdk.instrument.traceUsage for more information
WARNING: Dynamic loading of agents will be disallowed by default in a future release
]]></system-err>
  </testcase>
</testsuite>